\BOOKMARK [0][-]{chapter.1}{Introduction}{}% 1
\BOOKMARK [1][-]{section.1.1}{Motivation}{chapter.1}% 2
\BOOKMARK [1][-]{section.1.2}{Related Work}{chapter.1}% 3
\BOOKMARK [1][-]{section.1.3}{Thesis Structure}{chapter.1}% 4
\BOOKMARK [0][-]{chapter.2}{Background}{}% 5
\BOOKMARK [1][-]{section.2.1}{The SQL Standard }{chapter.2}% 6
\BOOKMARK [1][-]{section.2.2}{The SQL Language}{chapter.2}% 7
\BOOKMARK [1][-]{section.2.3}{Commands of SQL}{chapter.2}% 8
\BOOKMARK [2][-]{subsection.2.3.1}{Missing values}{section.2.3}% 9
\BOOKMARK [1][-]{section.2.4}{SQL standard issues}{chapter.2}% 10
\BOOKMARK [1][-]{section.2.5}{The Database Management Systems}{chapter.2}% 11
\BOOKMARK [0][-]{chapter.3}{Methodology}{}% 12
\BOOKMARK [1][-]{section.3.1}{Methodology}{chapter.3}% 13
\BOOKMARK [0][-]{chapter.4}{Implementation}{}% 14
\BOOKMARK [1][-]{section.4.1}{Implementation}{chapter.4}% 15
\BOOKMARK [2][-]{subsection.4.1.1}{Random SQL generator engine}{section.4.1}% 16
\BOOKMARK [2][-]{subsection.4.1.2}{Configuration file}{section.4.1}% 17
\BOOKMARK [1][-]{section.4.2}{Comparison Tool}{chapter.4}% 18
\BOOKMARK [1][-]{section.4.3}{Random generated data}{chapter.4}% 19
\BOOKMARK [0][-]{chapter.5}{Experimental Evaluation}{}% 20
\BOOKMARK [1][-]{section.5.1}{The experiment Set-Up}{chapter.5}% 21
\BOOKMARK [1][-]{section.5.2}{Experiment Results}{chapter.5}% 22
\BOOKMARK [0][-]{chapter.6}{Conclusions}{}% 23
\BOOKMARK [1][-]{section.6.1}{Conclusions}{chapter.6}% 24
\BOOKMARK [1][-]{section.6.2}{Summary of the findings}{chapter.6}% 25
\BOOKMARK [1][-]{section.6.3}{Suggestions for future work}{chapter.6}% 26
\BOOKMARK [0][-]{appendix*.40}{Bibliography}{}% 27
